c:\users\schaf\source\repos\cse-471-project-1\synthie\debug\synthie.pch
c:\users\schaf\source\repos\cse-471-project-1\synthie\debug\vc140.pdb
c:\users\schaf\source\repos\cse-471-project-1\synthie\debug\vc140.idb
c:\users\schaf\source\repos\cse-471-project-1\synthie\debug\stdafx.obj
c:\users\schaf\source\repos\cse-471-project-1\synthie\debug\dirsoundstream.obj
c:\users\schaf\source\repos\cse-471-project-1\synthie\debug\druminstrument.obj
c:\users\schaf\source\repos\cse-471-project-1\synthie\debug\instrument.obj
c:\users\schaf\source\repos\cse-471-project-1\synthie\debug\mainfrm.obj
c:\users\schaf\source\repos\cse-471-project-1\synthie\debug\note.obj
c:\users\schaf\source\repos\cse-471-project-1\synthie\debug\notes.obj
c:\users\schaf\source\repos\cse-471-project-1\synthie\debug\organ.obj
c:\users\schaf\source\repos\cse-471-project-1\synthie\debug\organenvelope.obj
c:\users\schaf\source\repos\cse-471-project-1\synthie\debug\organfactory.obj
c:\users\schaf\source\repos\cse-471-project-1\synthie\debug\organwave.obj
c:\users\schaf\source\repos\cse-471-project-1\synthie\debug\progress.obj
c:\users\schaf\source\repos\cse-471-project-1\synthie\debug\progressdlg.obj
c:\users\schaf\source\repos\cse-471-project-1\synthie\debug\sinewave.obj
c:\users\schaf\source\repos\cse-471-project-1\synthie\debug\synthesizer.obj
c:\users\schaf\source\repos\cse-471-project-1\synthie\debug\synthie.obj
c:\users\schaf\source\repos\cse-471-project-1\synthie\debug\synthieview.obj
c:\users\schaf\source\repos\cse-471-project-1\synthie\debug\wave.obj
c:\users\schaf\source\repos\cse-471-project-1\synthie\debug\waveformbuffer.obj
c:\users\schaf\source\repos\cse-471-project-1\synthie\debug\waveformwnd.obj
c:\users\schaf\source\repos\cse-471-project-1\synthie\debug\toneinstrument.obj
c:\users\schaf\source\repos\cse-471-project-1\synthie\debug\ar.obj
c:\users\schaf\source\repos\cse-471-project-1\synthie\debug\audionode.obj
c:\users\schaf\source\repos\cse-471-project-1\synthie\debug\dirsound.obj
c:\users\schaf\source\repos\cse-471-project-1\synthie\debug\dirsoundsource.obj
c:\users\schaf\source\repos\cse-471-project-1\synthie\debug\waveinstrument.obj
c:\users\schaf\source\repos\cse-471-project-1\synthie\debug\waveinstrumentfactory.obj
c:\users\schaf\source\repos\cse-471-project-1\synthie\debug\waveplayer.obj
c:\users\schaf\source\repos\cse-471-project-1\debug\synthie.ilk
c:\users\schaf\source\repos\cse-471-project-1\debug\synthie.exe
c:\users\schaf\source\repos\cse-471-project-1\debug\synthie.pdb
c:\users\schaf\source\repos\cse-471-project-1\synthie\debug\synthie.res
c:\users\schaf\source\repos\cse-471-project-1\synthie\debug\synthie.tlog\cl.command.1.tlog
c:\users\schaf\source\repos\cse-471-project-1\synthie\debug\synthie.tlog\cl.read.1.tlog
c:\users\schaf\source\repos\cse-471-project-1\synthie\debug\synthie.tlog\cl.write.1.tlog
c:\users\schaf\source\repos\cse-471-project-1\synthie\debug\synthie.tlog\link.command.1.tlog
c:\users\schaf\source\repos\cse-471-project-1\synthie\debug\synthie.tlog\link.read.1.tlog
c:\users\schaf\source\repos\cse-471-project-1\synthie\debug\synthie.tlog\link.write.1.tlog
c:\users\schaf\source\repos\cse-471-project-1\synthie\debug\synthie.tlog\rc.command.1.tlog
c:\users\schaf\source\repos\cse-471-project-1\synthie\debug\synthie.tlog\rc.read.1.tlog
c:\users\schaf\source\repos\cse-471-project-1\synthie\debug\synthie.tlog\rc.write.1.tlog
