  Gate.cpp
m:\my documents\471p1\synthie\effect.h(11): error C2582: 'operator =' function is unavailable in 'CFXBox'
m:\my documents\471p1\synthie\fxbox.h(32): error C3867: 'std::vector<CEffect *,std::allocator<_Ty>>::end': non-standard syntax; use '&' to create a pointer to member
          with
          [
              _Ty=CEffect *
          ]
m:\my documents\471p1\synthie\fxbox.h(32): error C2678: binary '!=': no operator found which takes a left-hand operand of type 'std::_Vector_iterator<std::_Vector_val<std::_Simple_types<CEffect *>>>' (or there is no acceptable conversion)
  c:\program files (x86)\microsoft visual studio 14.0\vc\include\vector(217): note: could be 'bool std::_Vector_const_iterator<std::_Vector_val<std::_Simple_types<CEffect *>>>::operator !=(const std::_Vector_const_iterator<std::_Vector_val<std::_Simple_types<CEffect *>>> &) const'
  c:\program files (x86)\windows kits\8.1\include\shared\devpropdef.h(169): note: or       'bool operator !=(const DEVPROPCOMPKEY &,const DEVPROPCOMPKEY &)'
  c:\program files (x86)\windows kits\8.1\include\shared\devpropdef.h(120): note: or       'bool operator !=(const DEVPROPKEY &,const DEVPROPKEY &)'
  c:\program files (x86)\windows kits\8.1\include\um\propkeydef.h(36): note: or       'int operator !=(const PROPERTYKEY &,const PROPERTYKEY &)'
  c:\program files (x86)\windows kits\8.1\include\shared\guiddef.h(197): note: or       'bool operator !=(const GUID &,const GUID &)'
  c:\program files (x86)\microsoft visual studio 14.0\vc\include\exception(344): note: or       'bool std::operator !=(const std::exception_ptr &,const std::exception_ptr &) throw()' [found using argument-dependent lookup]
  c:\program files (x86)\microsoft visual studio 14.0\vc\include\exception(349): note: or       'bool std::operator !=(std::nullptr_t,const std::exception_ptr &) throw()' [found using argument-dependent lookup]
  c:\program files (x86)\microsoft visual studio 14.0\vc\include\exception(354): note: or       'bool std::operator !=(const std::exception_ptr &,std::nullptr_t) throw()' [found using argument-dependent lookup]
  m:\my documents\471p1\synthie\fxbox.h(32): note: while trying to match the argument list '(std::_Vector_iterator<std::_Vector_val<std::_Simple_types<CEffect *>>>, overloaded-function)'
  Flange.cpp
m:\my documents\471p1\synthie\effect.h(11): error C2582: 'operator =' function is unavailable in 'CFXBox'
m:\my documents\471p1\synthie\flange.h(10): error C2027: use of undefined type 'CFXBox'
  m:\my documents\471p1\synthie\effect.h(6): note: see declaration of 'CFXBox'
m:\my documents\471p1\synthie\flange.h(10): error C2228: left of '.read_raw_frame' must have class/struct/union
m:\my documents\471p1\synthie\flange.h(11): error C2027: use of undefined type 'CFXBox'
  m:\my documents\471p1\synthie\effect.h(6): note: see declaration of 'CFXBox'
m:\my documents\471p1\synthie\flange.h(11): error C2228: left of '.getWrloc' must have class/struct/union
m:\my documents\471p1\synthie\flange.h(12): warning C4244: 'initializing': conversion from 'double' to 'int', possible loss of data
m:\my documents\471p1\synthie\flange.h(13): error C2027: use of undefined type 'CFXBox'
  m:\my documents\471p1\synthie\effect.h(6): note: see declaration of 'CFXBox'
m:\my documents\471p1\synthie\flange.h(13): error C2228: left of '.read_raw_frame' must have class/struct/union
  FXBox.cpp
m:\my documents\471p1\synthie\effect.h(11): error C2582: 'operator =' function is unavailable in 'CFXBox'
m:\my documents\471p1\synthie\fxbox.h(32): error C3867: 'std::vector<CEffect *,std::allocator<_Ty>>::end': non-standard syntax; use '&' to create a pointer to member
          with
          [
              _Ty=CEffect *
          ]
m:\my documents\471p1\synthie\fxbox.h(32): error C2678: binary '!=': no operator found which takes a left-hand operand of type 'std::_Vector_iterator<std::_Vector_val<std::_Simple_types<CEffect *>>>' (or there is no acceptable conversion)
  c:\program files (x86)\microsoft visual studio 14.0\vc\include\vector(217): note: could be 'bool std::_Vector_const_iterator<std::_Vector_val<std::_Simple_types<CEffect *>>>::operator !=(const std::_Vector_const_iterator<std::_Vector_val<std::_Simple_types<CEffect *>>> &) const'
  c:\program files (x86)\windows kits\8.1\include\shared\devpropdef.h(169): note: or       'bool operator !=(const DEVPROPCOMPKEY &,const DEVPROPCOMPKEY &)'
  c:\program files (x86)\windows kits\8.1\include\shared\devpropdef.h(120): note: or       'bool operator !=(const DEVPROPKEY &,const DEVPROPKEY &)'
  c:\program files (x86)\windows kits\8.1\include\um\propkeydef.h(36): note: or       'int operator !=(const PROPERTYKEY &,const PROPERTYKEY &)'
  c:\program files (x86)\windows kits\8.1\include\shared\guiddef.h(197): note: or       'bool operator !=(const GUID &,const GUID &)'
  c:\program files (x86)\microsoft visual studio 14.0\vc\include\exception(344): note: or       'bool std::operator !=(const std::exception_ptr &,const std::exception_ptr &) throw()' [found using argument-dependent lookup]
  c:\program files (x86)\microsoft visual studio 14.0\vc\include\exception(349): note: or       'bool std::operator !=(std::nullptr_t,const std::exception_ptr &) throw()' [found using argument-dependent lookup]
  c:\program files (x86)\microsoft visual studio 14.0\vc\include\exception(354): note: or       'bool std::operator !=(const std::exception_ptr &,std::nullptr_t) throw()' [found using argument-dependent lookup]
  m:\my documents\471p1\synthie\fxbox.h(32): note: while trying to match the argument list '(std::_Vector_iterator<std::_Vector_val<std::_Simple_types<CEffect *>>>, overloaded-function)'
  Effect.cpp
m:\my documents\471p1\synthie\effect.h(11): error C2582: 'operator =' function is unavailable in 'CFXBox'
m:\my documents\471p1\synthie\effect.cpp(5): error C2530: 'CEffect::m_box': references must be initialized
  Compressor.cpp
m:\my documents\471p1\synthie\effect.h(11): error C2582: 'operator =' function is unavailable in 'CFXBox'
m:\my documents\471p1\synthie\compressor.h(11): error C2027: use of undefined type 'CFXBox'
  m:\my documents\471p1\synthie\effect.h(6): note: see declaration of 'CFXBox'
m:\my documents\471p1\synthie\compressor.h(11): error C2228: left of '.read_raw_frame' must have class/struct/union
  CircularBuffer.cpp
m:\my documents\471p1\synthie\circularbuffer.cpp(11): error C2084: function 'CircularBuffer::~CircularBuffer(void)' already has a body
  m:\my documents\471p1\synthie\circularbuffer.h(47): note: see previous definition of '{dtor}'
  Chorus.cpp
m:\my documents\471p1\synthie\effect.h(11): error C2582: 'operator =' function is unavailable in 'CFXBox'
m:\my documents\471p1\synthie\chorus.h(9): error C2027: use of undefined type 'CFXBox'
  m:\my documents\471p1\synthie\effect.h(6): note: see declaration of 'CFXBox'
m:\my documents\471p1\synthie\chorus.h(9): error C2228: left of '.read_raw_frame' must have class/struct/union
m:\my documents\471p1\synthie\chorus.h(10): error C2027: use of undefined type 'CFXBox'
  m:\my documents\471p1\synthie\effect.h(6): note: see declaration of 'CFXBox'
m:\my documents\471p1\synthie\chorus.h(10): error C2228: left of '.getWrloc' must have class/struct/union
m:\my documents\471p1\synthie\chorus.h(11): warning C4244: 'initializing': conversion from 'double' to 'int', possible loss of data
m:\my documents\471p1\synthie\chorus.h(12): error C2027: use of undefined type 'CFXBox'
  m:\my documents\471p1\synthie\effect.h(6): note: see declaration of 'CFXBox'
m:\my documents\471p1\synthie\chorus.h(12): error C2228: left of '.read_raw_frame' must have class/struct/union
  Generating Code...
